Copyright 1986-2022 Xilinx, Inc. All Rights Reserved.
------------------------------------------------------------------------------------------------------------------------------------------------------------------------------------------------------------------------------------------------------------------------------------------
| Tool Version : Vivado v.2022.1 (win64) Build 3526262 Mon Apr 18 15:48:16 MDT 2022
| Date         : Mon Nov 28 21:06:40 2022
| Host         : DF3 running 64-bit major release  (build 9200)
| Command      : report_timing_summary -max_paths 10 -report_unconstrained -file Phase_accumulator_for_diego_ref_timing_summary_routed.rpt -pb Phase_accumulator_for_diego_ref_timing_summary_routed.pb -rpx Phase_accumulator_for_diego_ref_timing_summary_routed.rpx -warn_on_violation
| Design       : Phase_accumulator_for_diego_ref
| Device       : 7a35t-cpg236
| Speed File   : -1  PRODUCTION 1.23 2018-06-13
------------------------------------------------------------------------------------------------------------------------------------------------------------------------------------------------------------------------------------------------------------------------------------------

Timing Summary Report

------------------------------------------------------------------------------------------------
| Timer Settings
| --------------
------------------------------------------------------------------------------------------------

  Enable Multi Corner Analysis               :  Yes
  Enable Pessimism Removal                   :  Yes
  Pessimism Removal Resolution               :  Nearest Common Node
  Enable Input Delay Default Clock           :  No
  Enable Preset / Clear Arcs                 :  No
  Disable Flight Delays                      :  No
  Ignore I/O Paths                           :  No
  Timing Early Launch at Borrowing Latches   :  No
  Borrow Time for Max Delay Exceptions       :  Yes
  Merge Timing Exceptions                    :  Yes

  Corner  Analyze    Analyze    
  Name    Max Paths  Min Paths  
  ------  ---------  ---------  
  Slow    Yes        Yes        
  Fast    Yes        Yes        


------------------------------------------------------------------------------------------------
| Report Methodology
| ------------------
------------------------------------------------------------------------------------------------

Rule       Severity          Description                  Violations  
---------  ----------------  ---------------------------  ----------  
TIMING-17  Critical Warning  Non-clocked sequential cell  50          

Note: This report is based on the most recent report_methodology run and may not be up-to-date. Run report_methodology on the current design for the latest report.



check_timing report

Table of Contents
-----------------
1. checking no_clock (50)
2. checking constant_clock (0)
3. checking pulse_width_clock (0)
4. checking unconstrained_internal_endpoints (89)
5. checking no_input_delay (21)
6. checking no_output_delay (29)
7. checking multiple_clock (0)
8. checking generated_clocks (0)
9. checking loops (0)
10. checking partial_input_delay (0)
11. checking partial_output_delay (0)
12. checking latch_loops (0)

1. checking no_clock (50)
-------------------------
 There are 41 register/latch pins with no clock driven by root clock pin: clk (HIGH)

 There are 9 register/latch pins with no clock driven by root clock pin: clock_div/U0/i_synth/i_baseblox.i_baseblox_accum/i_gen_accum_fabric.i_accum_fabric/the_addsub/no_pipelining.the_addsub/i_lut6.i_lut6_addsub/i_q.i_simple.qreg/i_no_async_controls.output_reg[20]/Q (HIGH)


2. checking constant_clock (0)
------------------------------
 There are 0 register/latch pins with constant_clock.


3. checking pulse_width_clock (0)
---------------------------------
 There are 0 register/latch pins which need pulse_width check


4. checking unconstrained_internal_endpoints (89)
-------------------------------------------------
 There are 89 pins that are not constrained for maximum delay. (HIGH)

 There are 0 pins that are not constrained for maximum delay due to constant clock.


5. checking no_input_delay (21)
-------------------------------
 There are 21 input ports with no input delay specified. (HIGH)

 There are 0 input ports with no input delay but user has a false path constraint.


6. checking no_output_delay (29)
--------------------------------
 There are 29 ports with no output delay specified. (HIGH)

 There are 0 ports with no output delay but user has a false path constraint

 There are 0 ports with no output delay but with a timing clock defined on it or propagating through it


7. checking multiple_clock (0)
------------------------------
 There are 0 register/latch pins with multiple clocks.


8. checking generated_clocks (0)
--------------------------------
 There are 0 generated clocks that are not connected to a clock source.


9. checking loops (0)
---------------------
 There are 0 combinational loops in the design.


10. checking partial_input_delay (0)
------------------------------------
 There are 0 input ports with partial input delay specified.


11. checking partial_output_delay (0)
-------------------------------------
 There are 0 ports with partial output delay specified.


12. checking latch_loops (0)
----------------------------
 There are 0 combinational latch loops in the design through latch input



------------------------------------------------------------------------------------------------
| Design Timing Summary
| ---------------------
------------------------------------------------------------------------------------------------

    WNS(ns)      TNS(ns)  TNS Failing Endpoints  TNS Total Endpoints      WHS(ns)      THS(ns)  THS Failing Endpoints  THS Total Endpoints     WPWS(ns)     TPWS(ns)  TPWS Failing Endpoints  TPWS Total Endpoints  
    -------      -------  ---------------------  -------------------      -------      -------  ---------------------  -------------------     --------     --------  ----------------------  --------------------  
        inf        0.000                      0                  118          inf        0.000                      0                  118           NA           NA                      NA                    NA  


There are no user specified timing constraints.


------------------------------------------------------------------------------------------------
| Clock Summary
| -------------
------------------------------------------------------------------------------------------------


------------------------------------------------------------------------------------------------
| Intra Clock Table
| -----------------
------------------------------------------------------------------------------------------------

Clock             WNS(ns)      TNS(ns)  TNS Failing Endpoints  TNS Total Endpoints      WHS(ns)      THS(ns)  THS Failing Endpoints  THS Total Endpoints     WPWS(ns)     TPWS(ns)  TPWS Failing Endpoints  TPWS Total Endpoints  
-----             -------      -------  ---------------------  -------------------      -------      -------  ---------------------  -------------------     --------     --------  ----------------------  --------------------  


------------------------------------------------------------------------------------------------
| Inter Clock Table
| -----------------
------------------------------------------------------------------------------------------------

From Clock    To Clock          WNS(ns)      TNS(ns)  TNS Failing Endpoints  TNS Total Endpoints      WHS(ns)      THS(ns)  THS Failing Endpoints  THS Total Endpoints  
----------    --------          -------      -------  ---------------------  -------------------      -------      -------  ---------------------  -------------------  


------------------------------------------------------------------------------------------------
| Other Path Groups Table
| -----------------------
------------------------------------------------------------------------------------------------

Path Group    From Clock    To Clock          WNS(ns)      TNS(ns)  TNS Failing Endpoints  TNS Total Endpoints      WHS(ns)      THS(ns)  THS Failing Endpoints  THS Total Endpoints  
----------    ----------    --------          -------      -------  ---------------------  -------------------      -------      -------  ---------------------  -------------------  


------------------------------------------------------------------------------------------------
| User Ignored Path Table
| -----------------------
------------------------------------------------------------------------------------------------

Path Group    From Clock    To Clock    
----------    ----------    --------    


------------------------------------------------------------------------------------------------
| Unconstrained Path Table
| ------------------------
------------------------------------------------------------------------------------------------

Path Group    From Clock    To Clock    
----------    ----------    --------    
(none)                                    


------------------------------------------------------------------------------------------------
| Timing Details
| --------------
------------------------------------------------------------------------------------------------


--------------------------------------------------------------------------------------
Path Group:  (none)
From Clock:  
  To Clock:  

Max Delay           118 Endpoints
Min Delay           118 Endpoints
--------------------------------------------------------------------------------------


Max Delay Paths
--------------------------------------------------------------------------------------
Slack:                    inf
  Source:                 clock_div/U0/i_synth/i_baseblox.i_baseblox_accum/i_gen_accum_fabric.i_accum_fabric/the_addsub/no_pipelining.the_addsub/i_lut6.i_lut6_addsub/i_q.i_simple.qreg/i_no_async_controls.output_reg[4]/C
                            (rising edge-triggered cell FDRE)
  Destination:            large_out[3]
                            (output port)
  Path Group:             (none)
  Path Type:              Max at Slow Process Corner
  Data Path Delay:        5.544ns  (logic 3.054ns (55.087%)  route 2.490ns (44.913%))
  Logic Levels:           2  (FDRE=1 OBUF=1)

    Location             Delay type                Incr(ns)  Path(ns)    Netlist Resource(s)
  -------------------------------------------------------------------    -------------------
    SLICE_X1Y24          FDRE                         0.000     0.000 r  clock_div/U0/i_synth/i_baseblox.i_baseblox_accum/i_gen_accum_fabric.i_accum_fabric/the_addsub/no_pipelining.the_addsub/i_lut6.i_lut6_addsub/i_q.i_simple.qreg/i_no_async_controls.output_reg[4]/C
    SLICE_X1Y24          FDRE (Prop_fdre_C_Q)         0.456     0.456 r  clock_div/U0/i_synth/i_baseblox.i_baseblox_accum/i_gen_accum_fabric.i_accum_fabric/the_addsub/no_pipelining.the_addsub/i_lut6.i_lut6_addsub/i_q.i_simple.qreg/i_no_async_controls.output_reg[4]/Q
                         net (fo=2, routed)           2.490     2.946    large_out_OBUF[3]
    U16                  OBUF (Prop_obuf_I_O)         2.598     5.544 r  large_out_OBUF[3]_inst/O
                         net (fo=0)                   0.000     5.544    large_out[3]
    U16                                                               r  large_out[3] (OUT)
  -------------------------------------------------------------------    -------------------

Slack:                    inf
  Source:                 clock_div/U0/i_synth/i_baseblox.i_baseblox_accum/i_gen_accum_fabric.i_accum_fabric/the_addsub/no_pipelining.the_addsub/i_lut6.i_lut6_addsub/i_q.i_simple.qreg/i_no_async_controls.output_reg[5]/C
                            (rising edge-triggered cell FDRE)
  Destination:            large_out[4]
                            (output port)
  Path Group:             (none)
  Path Type:              Max at Slow Process Corner
  Data Path Delay:        5.444ns  (logic 3.063ns (56.276%)  route 2.380ns (43.724%))
  Logic Levels:           2  (FDRE=1 OBUF=1)

    Location             Delay type                Incr(ns)  Path(ns)    Netlist Resource(s)
  -------------------------------------------------------------------    -------------------
    SLICE_X1Y25          FDRE                         0.000     0.000 r  clock_div/U0/i_synth/i_baseblox.i_baseblox_accum/i_gen_accum_fabric.i_accum_fabric/the_addsub/no_pipelining.the_addsub/i_lut6.i_lut6_addsub/i_q.i_simple.qreg/i_no_async_controls.output_reg[5]/C
    SLICE_X1Y25          FDRE (Prop_fdre_C_Q)         0.456     0.456 r  clock_div/U0/i_synth/i_baseblox.i_baseblox_accum/i_gen_accum_fabric.i_accum_fabric/the_addsub/no_pipelining.the_addsub/i_lut6.i_lut6_addsub/i_q.i_simple.qreg/i_no_async_controls.output_reg[5]/Q
                         net (fo=2, routed)           2.380     2.836    large_out_OBUF[4]
    U15                  OBUF (Prop_obuf_I_O)         2.607     5.444 r  large_out_OBUF[4]_inst/O
                         net (fo=0)                   0.000     5.444    large_out[4]
    U15                                                               r  large_out[4] (OUT)
  -------------------------------------------------------------------    -------------------

Slack:                    inf
  Source:                 clock_div/U0/i_synth/i_baseblox.i_baseblox_accum/i_gen_accum_fabric.i_accum_fabric/the_addsub/no_pipelining.the_addsub/i_lut6.i_lut6_addsub/i_q.i_simple.qreg/i_no_async_controls.output_reg[20]/C
                            (rising edge-triggered cell FDRE)
  Destination:            large_out[19]
                            (output port)
  Path Group:             (none)
  Path Type:              Max at Slow Process Corner
  Data Path Delay:        5.438ns  (logic 3.058ns (56.233%)  route 2.380ns (43.767%))
  Logic Levels:           2  (FDRE=1 OBUF=1)

    Location             Delay type                Incr(ns)  Path(ns)    Netlist Resource(s)
  -------------------------------------------------------------------    -------------------
    SLICE_X1Y28          FDRE                         0.000     0.000 r  clock_div/U0/i_synth/i_baseblox.i_baseblox_accum/i_gen_accum_fabric.i_accum_fabric/the_addsub/no_pipelining.the_addsub/i_lut6.i_lut6_addsub/i_q.i_simple.qreg/i_no_async_controls.output_reg[20]/C
    SLICE_X1Y28          FDRE (Prop_fdre_C_Q)         0.456     0.456 r  clock_div/U0/i_synth/i_baseblox.i_baseblox_accum/i_gen_accum_fabric.i_accum_fabric/the_addsub/no_pipelining.the_addsub/i_lut6.i_lut6_addsub/i_q.i_simple.qreg/i_no_async_controls.output_reg[20]/Q
                         net (fo=14, routed)          2.380     2.836    large_out_OBUF[19]
    V19                  OBUF (Prop_obuf_I_O)         2.602     5.438 r  large_out_OBUF[19]_inst/O
                         net (fo=0)                   0.000     5.438    large_out[19]
    V19                                                               r  large_out[19] (OUT)
  -------------------------------------------------------------------    -------------------

Slack:                    inf
  Source:                 clock_div/U0/i_synth/i_baseblox.i_baseblox_accum/i_gen_accum_fabric.i_accum_fabric/the_addsub/no_pipelining.the_addsub/i_lut6.i_lut6_addsub/i_q.i_simple.qreg/i_no_async_controls.output_reg[1]/C
                            (rising edge-triggered cell FDRE)
  Destination:            large_out[0]
                            (output port)
  Path Group:             (none)
  Path Type:              Max at Slow Process Corner
  Data Path Delay:        5.415ns  (logic 3.055ns (56.417%)  route 2.360ns (43.583%))
  Logic Levels:           2  (FDRE=1 OBUF=1)

    Location             Delay type                Incr(ns)  Path(ns)    Netlist Resource(s)
  -------------------------------------------------------------------    -------------------
    SLICE_X1Y24          FDRE                         0.000     0.000 r  clock_div/U0/i_synth/i_baseblox.i_baseblox_accum/i_gen_accum_fabric.i_accum_fabric/the_addsub/no_pipelining.the_addsub/i_lut6.i_lut6_addsub/i_q.i_simple.qreg/i_no_async_controls.output_reg[1]/C
    SLICE_X1Y24          FDRE (Prop_fdre_C_Q)         0.456     0.456 r  clock_div/U0/i_synth/i_baseblox.i_baseblox_accum/i_gen_accum_fabric.i_accum_fabric/the_addsub/no_pipelining.the_addsub/i_lut6.i_lut6_addsub/i_q.i_simple.qreg/i_no_async_controls.output_reg[1]/Q
                         net (fo=2, routed)           2.360     2.816    large_out_OBUF[0]
    U14                  OBUF (Prop_obuf_I_O)         2.599     5.415 r  large_out_OBUF[0]_inst/O
                         net (fo=0)                   0.000     5.415    large_out[0]
    U14                                                               r  large_out[0] (OUT)
  -------------------------------------------------------------------    -------------------

Slack:                    inf
  Source:                 clock_div/U0/i_synth/i_baseblox.i_baseblox_accum/i_gen_accum_fabric.i_accum_fabric/the_addsub/no_pipelining.the_addsub/i_lut6.i_lut6_addsub/i_q.i_simple.qreg/i_no_async_controls.output_reg[3]/C
                            (rising edge-triggered cell FDRE)
  Destination:            large_out[2]
                            (output port)
  Path Group:             (none)
  Path Type:              Max at Slow Process Corner
  Data Path Delay:        5.393ns  (logic 3.053ns (56.610%)  route 2.340ns (43.390%))
  Logic Levels:           2  (FDRE=1 OBUF=1)

    Location             Delay type                Incr(ns)  Path(ns)    Netlist Resource(s)
  -------------------------------------------------------------------    -------------------
    SLICE_X1Y24          FDRE                         0.000     0.000 r  clock_div/U0/i_synth/i_baseblox.i_baseblox_accum/i_gen_accum_fabric.i_accum_fabric/the_addsub/no_pipelining.the_addsub/i_lut6.i_lut6_addsub/i_q.i_simple.qreg/i_no_async_controls.output_reg[3]/C
    SLICE_X1Y24          FDRE (Prop_fdre_C_Q)         0.456     0.456 r  clock_div/U0/i_synth/i_baseblox.i_baseblox_accum/i_gen_accum_fabric.i_accum_fabric/the_addsub/no_pipelining.the_addsub/i_lut6.i_lut6_addsub/i_q.i_simple.qreg/i_no_async_controls.output_reg[3]/Q
                         net (fo=2, routed)           2.340     2.796    large_out_OBUF[2]
    V13                  OBUF (Prop_obuf_I_O)         2.597     5.393 r  large_out_OBUF[2]_inst/O
                         net (fo=0)                   0.000     5.393    large_out[2]
    V13                                                               r  large_out[2] (OUT)
  -------------------------------------------------------------------    -------------------

Slack:                    inf
  Source:                 clock_div/U0/i_synth/i_baseblox.i_baseblox_accum/i_gen_accum_fabric.i_accum_fabric/the_addsub/no_pipelining.the_addsub/i_lut6.i_lut6_addsub/i_q.i_simple.qreg/i_no_async_controls.output_reg[2]/C
                            (rising edge-triggered cell FDRE)
  Destination:            large_out[1]
                            (output port)
  Path Group:             (none)
  Path Type:              Max at Slow Process Corner
  Data Path Delay:        5.389ns  (logic 3.050ns (56.588%)  route 2.340ns (43.412%))
  Logic Levels:           2  (FDRE=1 OBUF=1)

    Location             Delay type                Incr(ns)  Path(ns)    Netlist Resource(s)
  -------------------------------------------------------------------    -------------------
    SLICE_X1Y24          FDRE                         0.000     0.000 r  clock_div/U0/i_synth/i_baseblox.i_baseblox_accum/i_gen_accum_fabric.i_accum_fabric/the_addsub/no_pipelining.the_addsub/i_lut6.i_lut6_addsub/i_q.i_simple.qreg/i_no_async_controls.output_reg[2]/C
    SLICE_X1Y24          FDRE (Prop_fdre_C_Q)         0.456     0.456 r  clock_div/U0/i_synth/i_baseblox.i_baseblox_accum/i_gen_accum_fabric.i_accum_fabric/the_addsub/no_pipelining.the_addsub/i_lut6.i_lut6_addsub/i_q.i_simple.qreg/i_no_async_controls.output_reg[2]/Q
                         net (fo=2, routed)           2.340     2.796    large_out_OBUF[1]
    V14                  OBUF (Prop_obuf_I_O)         2.594     5.389 r  large_out_OBUF[1]_inst/O
                         net (fo=0)                   0.000     5.389    large_out[1]
    V14                                                               r  large_out[1] (OUT)
  -------------------------------------------------------------------    -------------------

Slack:                    inf
  Source:                 clock_div/U0/i_synth/i_baseblox.i_baseblox_accum/i_gen_accum_fabric.i_accum_fabric/the_addsub/no_pipelining.the_addsub/i_lut6.i_lut6_addsub/i_q.i_simple.qreg/i_no_async_controls.output_reg[7]/C
                            (rising edge-triggered cell FDRE)
  Destination:            large_out[6]
                            (output port)
  Path Group:             (none)
  Path Type:              Max at Slow Process Corner
  Data Path Delay:        5.386ns  (logic 3.063ns (56.862%)  route 2.323ns (43.138%))
  Logic Levels:           2  (FDRE=1 OBUF=1)

    Location             Delay type                Incr(ns)  Path(ns)    Netlist Resource(s)
  -------------------------------------------------------------------    -------------------
    SLICE_X1Y25          FDRE                         0.000     0.000 r  clock_div/U0/i_synth/i_baseblox.i_baseblox_accum/i_gen_accum_fabric.i_accum_fabric/the_addsub/no_pipelining.the_addsub/i_lut6.i_lut6_addsub/i_q.i_simple.qreg/i_no_async_controls.output_reg[7]/C
    SLICE_X1Y25          FDRE (Prop_fdre_C_Q)         0.456     0.456 r  clock_div/U0/i_synth/i_baseblox.i_baseblox_accum/i_gen_accum_fabric.i_accum_fabric/the_addsub/no_pipelining.the_addsub/i_lut6.i_lut6_addsub/i_q.i_simple.qreg/i_no_async_controls.output_reg[7]/Q
                         net (fo=2, routed)           2.323     2.779    large_out_OBUF[6]
    W13                  OBUF (Prop_obuf_I_O)         2.607     5.386 r  large_out_OBUF[6]_inst/O
                         net (fo=0)                   0.000     5.386    large_out[6]
    W13                                                               r  large_out[6] (OUT)
  -------------------------------------------------------------------    -------------------

Slack:                    inf
  Source:                 clock_div/U0/i_synth/i_baseblox.i_baseblox_accum/i_gen_accum_fabric.i_accum_fabric/the_addsub/no_pipelining.the_addsub/i_lut6.i_lut6_addsub/i_q.i_simple.qreg/i_no_async_controls.output_reg[8]/C
                            (rising edge-triggered cell FDRE)
  Destination:            large_out[7]
                            (output port)
  Path Group:             (none)
  Path Type:              Max at Slow Process Corner
  Data Path Delay:        5.380ns  (logic 3.055ns (56.778%)  route 2.325ns (43.222%))
  Logic Levels:           2  (FDRE=1 OBUF=1)

    Location             Delay type                Incr(ns)  Path(ns)    Netlist Resource(s)
  -------------------------------------------------------------------    -------------------
    SLICE_X1Y25          FDRE                         0.000     0.000 r  clock_div/U0/i_synth/i_baseblox.i_baseblox_accum/i_gen_accum_fabric.i_accum_fabric/the_addsub/no_pipelining.the_addsub/i_lut6.i_lut6_addsub/i_q.i_simple.qreg/i_no_async_controls.output_reg[8]/C
    SLICE_X1Y25          FDRE (Prop_fdre_C_Q)         0.456     0.456 r  clock_div/U0/i_synth/i_baseblox.i_baseblox_accum/i_gen_accum_fabric.i_accum_fabric/the_addsub/no_pipelining.the_addsub/i_lut6.i_lut6_addsub/i_q.i_simple.qreg/i_no_async_controls.output_reg[8]/Q
                         net (fo=2, routed)           2.325     2.781    large_out_OBUF[7]
    W15                  OBUF (Prop_obuf_I_O)         2.599     5.380 r  large_out_OBUF[7]_inst/O
                         net (fo=0)                   0.000     5.380    large_out[7]
    W15                                                               r  large_out[7] (OUT)
  -------------------------------------------------------------------    -------------------

Slack:                    inf
  Source:                 clock_div/U0/i_synth/i_baseblox.i_baseblox_accum/i_gen_accum_fabric.i_accum_fabric/the_addsub/no_pipelining.the_addsub/i_lut6.i_lut6_addsub/i_q.i_simple.qreg/i_no_async_controls.output_reg[12]/C
                            (rising edge-triggered cell FDRE)
  Destination:            large_out[11]
                            (output port)
  Path Group:             (none)
  Path Type:              Max at Slow Process Corner
  Data Path Delay:        5.370ns  (logic 3.057ns (56.918%)  route 2.314ns (43.082%))
  Logic Levels:           2  (FDRE=1 OBUF=1)

    Location             Delay type                Incr(ns)  Path(ns)    Netlist Resource(s)
  -------------------------------------------------------------------    -------------------
    SLICE_X1Y26          FDRE                         0.000     0.000 r  clock_div/U0/i_synth/i_baseblox.i_baseblox_accum/i_gen_accum_fabric.i_accum_fabric/the_addsub/no_pipelining.the_addsub/i_lut6.i_lut6_addsub/i_q.i_simple.qreg/i_no_async_controls.output_reg[12]/C
    SLICE_X1Y26          FDRE (Prop_fdre_C_Q)         0.456     0.456 r  clock_div/U0/i_synth/i_baseblox.i_baseblox_accum/i_gen_accum_fabric.i_accum_fabric/the_addsub/no_pipelining.the_addsub/i_lut6.i_lut6_addsub/i_q.i_simple.qreg/i_no_async_controls.output_reg[12]/Q
                         net (fo=2, routed)           2.314     2.770    large_out_OBUF[11]
    V17                  OBUF (Prop_obuf_I_O)         2.601     5.370 r  large_out_OBUF[11]_inst/O
                         net (fo=0)                   0.000     5.370    large_out[11]
    V17                                                               r  large_out[11] (OUT)
  -------------------------------------------------------------------    -------------------

Slack:                    inf
  Source:                 clock_div/U0/i_synth/i_baseblox.i_baseblox_accum/i_gen_accum_fabric.i_accum_fabric/the_addsub/no_pipelining.the_addsub/i_lut6.i_lut6_addsub/i_q.i_simple.qreg/i_no_async_controls.output_reg[6]/C
                            (rising edge-triggered cell FDRE)
  Destination:            large_out[5]
                            (output port)
  Path Group:             (none)
  Path Type:              Max at Slow Process Corner
  Data Path Delay:        5.365ns  (logic 3.054ns (56.914%)  route 2.312ns (43.086%))
  Logic Levels:           2  (FDRE=1 OBUF=1)

    Location             Delay type                Incr(ns)  Path(ns)    Netlist Resource(s)
  -------------------------------------------------------------------    -------------------
    SLICE_X1Y25          FDRE                         0.000     0.000 r  clock_div/U0/i_synth/i_baseblox.i_baseblox_accum/i_gen_accum_fabric.i_accum_fabric/the_addsub/no_pipelining.the_addsub/i_lut6.i_lut6_addsub/i_q.i_simple.qreg/i_no_async_controls.output_reg[6]/C
    SLICE_X1Y25          FDRE (Prop_fdre_C_Q)         0.456     0.456 r  clock_div/U0/i_synth/i_baseblox.i_baseblox_accum/i_gen_accum_fabric.i_accum_fabric/the_addsub/no_pipelining.the_addsub/i_lut6.i_lut6_addsub/i_q.i_simple.qreg/i_no_async_controls.output_reg[6]/Q
                         net (fo=2, routed)           2.312     2.768    large_out_OBUF[5]
    W14                  OBUF (Prop_obuf_I_O)         2.598     5.365 r  large_out_OBUF[5]_inst/O
                         net (fo=0)                   0.000     5.365    large_out[5]
    W14                                                               r  large_out[5] (OUT)
  -------------------------------------------------------------------    -------------------





Min Delay Paths
--------------------------------------------------------------------------------------
Slack:                    inf
  Source:                 sigOffset_reg[18]/C
                            (rising edge-triggered cell FDRE)
  Destination:            clock_div/U0/i_synth/i_baseblox.i_baseblox_accum/i_gen_accum_fabric.i_accum_fabric/the_addsub/no_pipelining.the_addsub/i_lut6.i_lut6_addsub/i_q.i_simple.qreg/i_no_async_controls.output_reg[20]/D
  Path Group:             (none)
  Path Type:              Min at Fast Process Corner
  Data Path Delay:        0.368ns  (logic 0.309ns (83.935%)  route 0.059ns (16.065%))
  Logic Levels:           2  (CARRY4=1 FDRE=1)

    Location             Delay type                Incr(ns)  Path(ns)    Netlist Resource(s)
  -------------------------------------------------------------------    -------------------
    SLICE_X0Y28          FDRE                         0.000     0.000 r  sigOffset_reg[18]/C
    SLICE_X0Y28          FDRE (Prop_fdre_C_Q)         0.128     0.128 r  sigOffset_reg[18]/Q
                         net (fo=2, routed)           0.059     0.187    clock_div/U0/i_synth/i_baseblox.i_baseblox_accum/i_gen_accum_fabric.i_accum_fabric/the_addsub/no_pipelining.the_addsub/i_lut6.i_lut6_addsub/B[18]
    SLICE_X1Y28          CARRY4 (Prop_carry4_DI[2]_O[3])
                                                      0.181     0.368 r  clock_div/U0/i_synth/i_baseblox.i_baseblox_accum/i_gen_accum_fabric.i_accum_fabric/the_addsub/no_pipelining.the_addsub/i_lut6.i_lut6_addsub/i_simple_model.i_gt_1.carrychaingen[16].carrymux_CARRY4/O[3]
                         net (fo=1, routed)           0.000     0.368    clock_div/U0/i_synth/i_baseblox.i_baseblox_accum/i_gen_accum_fabric.i_accum_fabric/the_addsub/no_pipelining.the_addsub/i_lut6.i_lut6_addsub/i_q.i_simple.qreg/s[19]
    SLICE_X1Y28          FDRE                                         r  clock_div/U0/i_synth/i_baseblox.i_baseblox_accum/i_gen_accum_fabric.i_accum_fabric/the_addsub/no_pipelining.the_addsub/i_lut6.i_lut6_addsub/i_q.i_simple.qreg/i_no_async_controls.output_reg[20]/D
  -------------------------------------------------------------------    -------------------

Slack:                    inf
  Source:                 sigOffset_reg[12]/C
                            (rising edge-triggered cell FDRE)
  Destination:            clock_div/U0/i_synth/i_baseblox.i_baseblox_accum/i_gen_accum_fabric.i_accum_fabric/the_addsub/no_pipelining.the_addsub/i_lut6.i_lut6_addsub/i_q.i_simple.qreg/i_no_async_controls.output_reg[13]/D
  Path Group:             (none)
  Path Type:              Min at Fast Process Corner
  Data Path Delay:        0.373ns  (logic 0.256ns (68.652%)  route 0.117ns (31.348%))
  Logic Levels:           3  (CARRY4=1 FDRE=1 LUT3=1)

    Location             Delay type                Incr(ns)  Path(ns)    Netlist Resource(s)
  -------------------------------------------------------------------    -------------------
    SLICE_X0Y28          FDRE                         0.000     0.000 r  sigOffset_reg[12]/C
    SLICE_X0Y28          FDRE (Prop_fdre_C_Q)         0.141     0.141 r  sigOffset_reg[12]/Q
                         net (fo=2, routed)           0.117     0.258    clock_div/U0/i_synth/i_baseblox.i_baseblox_accum/i_gen_accum_fabric.i_accum_fabric/the_addsub/no_pipelining.the_addsub/i_lut6.i_lut6_addsub/B[12]
    SLICE_X1Y27          LUT3 (Prop_lut3_I0_O)        0.045     0.303 r  clock_div/U0/i_synth/i_baseblox.i_baseblox_accum/i_gen_accum_fabric.i_accum_fabric/the_addsub/no_pipelining.the_addsub/i_lut6.i_lut6_addsub/i_simple_model.i_gt_1.carrychaingen[12].carrymux_i_1/O
                         net (fo=1, routed)           0.000     0.303    clock_div/U0/i_synth/i_baseblox.i_baseblox_accum/i_gen_accum_fabric.i_accum_fabric/the_addsub/no_pipelining.the_addsub/i_lut6.i_lut6_addsub/i_simple_model.i_gt_1.carrychaingen[12].carrymux_i_1_n_0
    SLICE_X1Y27          CARRY4 (Prop_carry4_S[0]_O[0])
                                                      0.070     0.373 r  clock_div/U0/i_synth/i_baseblox.i_baseblox_accum/i_gen_accum_fabric.i_accum_fabric/the_addsub/no_pipelining.the_addsub/i_lut6.i_lut6_addsub/i_simple_model.i_gt_1.carrychaingen[12].carrymux_CARRY4/O[0]
                         net (fo=1, routed)           0.000     0.373    clock_div/U0/i_synth/i_baseblox.i_baseblox_accum/i_gen_accum_fabric.i_accum_fabric/the_addsub/no_pipelining.the_addsub/i_lut6.i_lut6_addsub/i_q.i_simple.qreg/s[12]
    SLICE_X1Y27          FDRE                                         r  clock_div/U0/i_synth/i_baseblox.i_baseblox_accum/i_gen_accum_fabric.i_accum_fabric/the_addsub/no_pipelining.the_addsub/i_lut6.i_lut6_addsub/i_q.i_simple.qreg/i_no_async_controls.output_reg[13]/D
  -------------------------------------------------------------------    -------------------

Slack:                    inf
  Source:                 sigOffset_reg[14]/C
                            (rising edge-triggered cell FDRE)
  Destination:            clock_div/U0/i_synth/i_baseblox.i_baseblox_accum/i_gen_accum_fabric.i_accum_fabric/the_addsub/no_pipelining.the_addsub/i_lut6.i_lut6_addsub/i_q.i_simple.qreg/i_no_async_controls.output_reg[15]/D
  Path Group:             (none)
  Path Type:              Min at Fast Process Corner
  Data Path Delay:        0.373ns  (logic 0.252ns (67.495%)  route 0.121ns (32.505%))
  Logic Levels:           3  (CARRY4=1 FDRE=1 LUT3=1)

    Location             Delay type                Incr(ns)  Path(ns)    Netlist Resource(s)
  -------------------------------------------------------------------    -------------------
    SLICE_X0Y29          FDRE                         0.000     0.000 r  sigOffset_reg[14]/C
    SLICE_X0Y29          FDRE (Prop_fdre_C_Q)         0.141     0.141 r  sigOffset_reg[14]/Q
                         net (fo=2, routed)           0.121     0.262    clock_div/U0/i_synth/i_baseblox.i_baseblox_accum/i_gen_accum_fabric.i_accum_fabric/the_addsub/no_pipelining.the_addsub/i_lut6.i_lut6_addsub/B[14]
    SLICE_X1Y27          LUT3 (Prop_lut3_I0_O)        0.045     0.307 r  clock_div/U0/i_synth/i_baseblox.i_baseblox_accum/i_gen_accum_fabric.i_accum_fabric/the_addsub/no_pipelining.the_addsub/i_lut6.i_lut6_addsub/i_simple_model.i_gt_1.carrychaingen[14].carrymux_i_1/O
                         net (fo=1, routed)           0.000     0.307    clock_div/U0/i_synth/i_baseblox.i_baseblox_accum/i_gen_accum_fabric.i_accum_fabric/the_addsub/no_pipelining.the_addsub/i_lut6.i_lut6_addsub/i_simple_model.i_gt_1.carrychaingen[14].carrymux_i_1_n_0
    SLICE_X1Y27          CARRY4 (Prop_carry4_S[2]_O[2])
                                                      0.066     0.373 r  clock_div/U0/i_synth/i_baseblox.i_baseblox_accum/i_gen_accum_fabric.i_accum_fabric/the_addsub/no_pipelining.the_addsub/i_lut6.i_lut6_addsub/i_simple_model.i_gt_1.carrychaingen[12].carrymux_CARRY4/O[2]
                         net (fo=1, routed)           0.000     0.373    clock_div/U0/i_synth/i_baseblox.i_baseblox_accum/i_gen_accum_fabric.i_accum_fabric/the_addsub/no_pipelining.the_addsub/i_lut6.i_lut6_addsub/i_q.i_simple.qreg/s[14]
    SLICE_X1Y27          FDRE                                         r  clock_div/U0/i_synth/i_baseblox.i_baseblox_accum/i_gen_accum_fabric.i_accum_fabric/the_addsub/no_pipelining.the_addsub/i_lut6.i_lut6_addsub/i_q.i_simple.qreg/i_no_async_controls.output_reg[15]/D
  -------------------------------------------------------------------    -------------------

Slack:                    inf
  Source:                 sigOffset_reg[16]/C
                            (rising edge-triggered cell FDRE)
  Destination:            clock_div/U0/i_synth/i_baseblox.i_baseblox_accum/i_gen_accum_fabric.i_accum_fabric/the_addsub/no_pipelining.the_addsub/i_lut6.i_lut6_addsub/i_q.i_simple.qreg/i_no_async_controls.output_reg[17]/D
  Path Group:             (none)
  Path Type:              Min at Fast Process Corner
  Data Path Delay:        0.374ns  (logic 0.256ns (68.440%)  route 0.118ns (31.560%))
  Logic Levels:           3  (CARRY4=1 FDRE=1 LUT3=1)

    Location             Delay type                Incr(ns)  Path(ns)    Netlist Resource(s)
  -------------------------------------------------------------------    -------------------
    SLICE_X1Y29          FDRE                         0.000     0.000 r  sigOffset_reg[16]/C
    SLICE_X1Y29          FDRE (Prop_fdre_C_Q)         0.141     0.141 r  sigOffset_reg[16]/Q
                         net (fo=2, routed)           0.118     0.259    clock_div/U0/i_synth/i_baseblox.i_baseblox_accum/i_gen_accum_fabric.i_accum_fabric/the_addsub/no_pipelining.the_addsub/i_lut6.i_lut6_addsub/B[16]
    SLICE_X1Y28          LUT3 (Prop_lut3_I0_O)        0.045     0.304 r  clock_div/U0/i_synth/i_baseblox.i_baseblox_accum/i_gen_accum_fabric.i_accum_fabric/the_addsub/no_pipelining.the_addsub/i_lut6.i_lut6_addsub/i_simple_model.i_gt_1.carrychaingen[16].carrymux_i_1/O
                         net (fo=1, routed)           0.000     0.304    clock_div/U0/i_synth/i_baseblox.i_baseblox_accum/i_gen_accum_fabric.i_accum_fabric/the_addsub/no_pipelining.the_addsub/i_lut6.i_lut6_addsub/i_simple_model.i_gt_1.carrychaingen[16].carrymux_i_1_n_0
    SLICE_X1Y28          CARRY4 (Prop_carry4_S[0]_O[0])
                                                      0.070     0.374 r  clock_div/U0/i_synth/i_baseblox.i_baseblox_accum/i_gen_accum_fabric.i_accum_fabric/the_addsub/no_pipelining.the_addsub/i_lut6.i_lut6_addsub/i_simple_model.i_gt_1.carrychaingen[16].carrymux_CARRY4/O[0]
                         net (fo=1, routed)           0.000     0.374    clock_div/U0/i_synth/i_baseblox.i_baseblox_accum/i_gen_accum_fabric.i_accum_fabric/the_addsub/no_pipelining.the_addsub/i_lut6.i_lut6_addsub/i_q.i_simple.qreg/s[16]
    SLICE_X1Y28          FDRE                                         r  clock_div/U0/i_synth/i_baseblox.i_baseblox_accum/i_gen_accum_fabric.i_accum_fabric/the_addsub/no_pipelining.the_addsub/i_lut6.i_lut6_addsub/i_q.i_simple.qreg/i_no_async_controls.output_reg[17]/D
  -------------------------------------------------------------------    -------------------

Slack:                    inf
  Source:                 sigOffset_reg[11]/C
                            (rising edge-triggered cell FDRE)
  Destination:            clock_div/U0/i_synth/i_baseblox.i_baseblox_accum/i_gen_accum_fabric.i_accum_fabric/the_addsub/no_pipelining.the_addsub/i_lut6.i_lut6_addsub/i_q.i_simple.qreg/i_no_async_controls.output_reg[12]/D
  Path Group:             (none)
  Path Type:              Min at Fast Process Corner
  Data Path Delay:        0.375ns  (logic 0.249ns (66.334%)  route 0.126ns (33.666%))
  Logic Levels:           3  (CARRY4=1 FDRE=1 LUT3=1)

    Location             Delay type                Incr(ns)  Path(ns)    Netlist Resource(s)
  -------------------------------------------------------------------    -------------------
    SLICE_X0Y28          FDRE                         0.000     0.000 r  sigOffset_reg[11]/C
    SLICE_X0Y28          FDRE (Prop_fdre_C_Q)         0.141     0.141 r  sigOffset_reg[11]/Q
                         net (fo=2, routed)           0.126     0.267    clock_div/U0/i_synth/i_baseblox.i_baseblox_accum/i_gen_accum_fabric.i_accum_fabric/the_addsub/no_pipelining.the_addsub/i_lut6.i_lut6_addsub/B[11]
    SLICE_X1Y26          LUT3 (Prop_lut3_I0_O)        0.045     0.312 r  clock_div/U0/i_synth/i_baseblox.i_baseblox_accum/i_gen_accum_fabric.i_accum_fabric/the_addsub/no_pipelining.the_addsub/i_lut6.i_lut6_addsub/i_simple_model.i_gt_1.carrychaingen[11].carrymux_i_1/O
                         net (fo=1, routed)           0.000     0.312    clock_div/U0/i_synth/i_baseblox.i_baseblox_accum/i_gen_accum_fabric.i_accum_fabric/the_addsub/no_pipelining.the_addsub/i_lut6.i_lut6_addsub/i_simple_model.i_gt_1.carrychaingen[11].carrymux_i_1_n_0
    SLICE_X1Y26          CARRY4 (Prop_carry4_S[3]_O[3])
                                                      0.063     0.375 r  clock_div/U0/i_synth/i_baseblox.i_baseblox_accum/i_gen_accum_fabric.i_accum_fabric/the_addsub/no_pipelining.the_addsub/i_lut6.i_lut6_addsub/i_simple_model.i_gt_1.carrychaingen[8].carrymux_CARRY4/O[3]
                         net (fo=1, routed)           0.000     0.375    clock_div/U0/i_synth/i_baseblox.i_baseblox_accum/i_gen_accum_fabric.i_accum_fabric/the_addsub/no_pipelining.the_addsub/i_lut6.i_lut6_addsub/i_q.i_simple.qreg/s[11]
    SLICE_X1Y26          FDRE                                         r  clock_div/U0/i_synth/i_baseblox.i_baseblox_accum/i_gen_accum_fabric.i_accum_fabric/the_addsub/no_pipelining.the_addsub/i_lut6.i_lut6_addsub/i_q.i_simple.qreg/i_no_async_controls.output_reg[12]/D
  -------------------------------------------------------------------    -------------------

Slack:                    inf
  Source:                 LUT_input/U0/i_synth/i_baseblox.i_baseblox_accum/i_gen_accum_fabric.i_accum_fabric/the_addsub/no_pipelining.the_addsub/i_lut6.i_lut6_addsub/i_q.i_simple.qreg/i_no_async_controls.output_reg[3]/C
                            (rising edge-triggered cell FDRE)
  Destination:            LUT_input/U0/i_synth/i_baseblox.i_baseblox_accum/i_gen_accum_fabric.i_accum_fabric/the_addsub/no_pipelining.the_addsub/i_lut6.i_lut6_addsub/i_q.i_simple.qreg/i_no_async_controls.output_reg[3]/D
  Path Group:             (none)
  Path Type:              Min at Fast Process Corner
  Data Path Delay:        0.386ns  (logic 0.252ns (65.343%)  route 0.134ns (34.657%))
  Logic Levels:           2  (CARRY4=1 FDRE=1)

    Location             Delay type                Incr(ns)  Path(ns)    Netlist Resource(s)
  -------------------------------------------------------------------    -------------------
    SLICE_X0Y24          FDRE                         0.000     0.000 r  LUT_input/U0/i_synth/i_baseblox.i_baseblox_accum/i_gen_accum_fabric.i_accum_fabric/the_addsub/no_pipelining.the_addsub/i_lut6.i_lut6_addsub/i_q.i_simple.qreg/i_no_async_controls.output_reg[3]/C
    SLICE_X0Y24          FDRE (Prop_fdre_C_Q)         0.141     0.141 r  LUT_input/U0/i_synth/i_baseblox.i_baseblox_accum/i_gen_accum_fabric.i_accum_fabric/the_addsub/no_pipelining.the_addsub/i_lut6.i_lut6_addsub/i_q.i_simple.qreg/i_no_async_controls.output_reg[3]/Q
                         net (fo=2, routed)           0.134     0.275    LUT_input/U0/i_synth/i_baseblox.i_baseblox_accum/i_gen_accum_fabric.i_accum_fabric/the_addsub/no_pipelining.the_addsub/i_lut6.i_lut6_addsub/Q[2]
    SLICE_X0Y24          CARRY4 (Prop_carry4_S[2]_O[2])
                                                      0.111     0.386 r  LUT_input/U0/i_synth/i_baseblox.i_baseblox_accum/i_gen_accum_fabric.i_accum_fabric/the_addsub/no_pipelining.the_addsub/i_lut6.i_lut6_addsub/i_simple_model.carrymux0_CARRY4/O[2]
                         net (fo=1, routed)           0.000     0.386    LUT_input/U0/i_synth/i_baseblox.i_baseblox_accum/i_gen_accum_fabric.i_accum_fabric/the_addsub/no_pipelining.the_addsub/i_lut6.i_lut6_addsub/i_q.i_simple.qreg/s[2]
    SLICE_X0Y24          FDRE                                         r  LUT_input/U0/i_synth/i_baseblox.i_baseblox_accum/i_gen_accum_fabric.i_accum_fabric/the_addsub/no_pipelining.the_addsub/i_lut6.i_lut6_addsub/i_q.i_simple.qreg/i_no_async_controls.output_reg[3]/D
  -------------------------------------------------------------------    -------------------

Slack:                    inf
  Source:                 LUT_input/U0/i_synth/i_baseblox.i_baseblox_accum/i_gen_accum_fabric.i_accum_fabric/the_addsub/no_pipelining.the_addsub/i_lut6.i_lut6_addsub/i_q.i_simple.qreg/i_no_async_controls.output_reg[7]/C
                            (rising edge-triggered cell FDRE)
  Destination:            LUT_input/U0/i_synth/i_baseblox.i_baseblox_accum/i_gen_accum_fabric.i_accum_fabric/the_addsub/no_pipelining.the_addsub/i_lut6.i_lut6_addsub/i_q.i_simple.qreg/i_no_async_controls.output_reg[7]/D
  Path Group:             (none)
  Path Type:              Min at Fast Process Corner
  Data Path Delay:        0.386ns  (logic 0.252ns (65.343%)  route 0.134ns (34.657%))
  Logic Levels:           2  (CARRY4=1 FDRE=1)

    Location             Delay type                Incr(ns)  Path(ns)    Netlist Resource(s)
  -------------------------------------------------------------------    -------------------
    SLICE_X0Y25          FDRE                         0.000     0.000 r  LUT_input/U0/i_synth/i_baseblox.i_baseblox_accum/i_gen_accum_fabric.i_accum_fabric/the_addsub/no_pipelining.the_addsub/i_lut6.i_lut6_addsub/i_q.i_simple.qreg/i_no_async_controls.output_reg[7]/C
    SLICE_X0Y25          FDRE (Prop_fdre_C_Q)         0.141     0.141 r  LUT_input/U0/i_synth/i_baseblox.i_baseblox_accum/i_gen_accum_fabric.i_accum_fabric/the_addsub/no_pipelining.the_addsub/i_lut6.i_lut6_addsub/i_q.i_simple.qreg/i_no_async_controls.output_reg[7]/Q
                         net (fo=2, routed)           0.134     0.275    LUT_input/U0/i_synth/i_baseblox.i_baseblox_accum/i_gen_accum_fabric.i_accum_fabric/the_addsub/no_pipelining.the_addsub/i_lut6.i_lut6_addsub/Q[6]
    SLICE_X0Y25          CARRY4 (Prop_carry4_S[2]_O[2])
                                                      0.111     0.386 r  LUT_input/U0/i_synth/i_baseblox.i_baseblox_accum/i_gen_accum_fabric.i_accum_fabric/the_addsub/no_pipelining.the_addsub/i_lut6.i_lut6_addsub/i_simple_model.i_gt_1.carrychaingen[4].carrymux_CARRY4/O[2]
                         net (fo=1, routed)           0.000     0.386    LUT_input/U0/i_synth/i_baseblox.i_baseblox_accum/i_gen_accum_fabric.i_accum_fabric/the_addsub/no_pipelining.the_addsub/i_lut6.i_lut6_addsub/i_q.i_simple.qreg/s[6]
    SLICE_X0Y25          FDRE                                         r  LUT_input/U0/i_synth/i_baseblox.i_baseblox_accum/i_gen_accum_fabric.i_accum_fabric/the_addsub/no_pipelining.the_addsub/i_lut6.i_lut6_addsub/i_q.i_simple.qreg/i_no_async_controls.output_reg[7]/D
  -------------------------------------------------------------------    -------------------

Slack:                    inf
  Source:                 sigOffset_reg[14]/C
                            (rising edge-triggered cell FDRE)
  Destination:            clock_div/U0/i_synth/i_baseblox.i_baseblox_accum/i_gen_accum_fabric.i_accum_fabric/the_addsub/no_pipelining.the_addsub/i_lut6.i_lut6_addsub/i_q.i_simple.qreg/i_no_async_controls.output_reg[16]/D
  Path Group:             (none)
  Path Type:              Min at Fast Process Corner
  Data Path Delay:        0.406ns  (logic 0.285ns (70.134%)  route 0.121ns (29.866%))
  Logic Levels:           3  (CARRY4=1 FDRE=1 LUT3=1)

    Location             Delay type                Incr(ns)  Path(ns)    Netlist Resource(s)
  -------------------------------------------------------------------    -------------------
    SLICE_X0Y29          FDRE                         0.000     0.000 r  sigOffset_reg[14]/C
    SLICE_X0Y29          FDRE (Prop_fdre_C_Q)         0.141     0.141 r  sigOffset_reg[14]/Q
                         net (fo=2, routed)           0.121     0.262    clock_div/U0/i_synth/i_baseblox.i_baseblox_accum/i_gen_accum_fabric.i_accum_fabric/the_addsub/no_pipelining.the_addsub/i_lut6.i_lut6_addsub/B[14]
    SLICE_X1Y27          LUT3 (Prop_lut3_I0_O)        0.045     0.307 r  clock_div/U0/i_synth/i_baseblox.i_baseblox_accum/i_gen_accum_fabric.i_accum_fabric/the_addsub/no_pipelining.the_addsub/i_lut6.i_lut6_addsub/i_simple_model.i_gt_1.carrychaingen[14].carrymux_i_1/O
                         net (fo=1, routed)           0.000     0.307    clock_div/U0/i_synth/i_baseblox.i_baseblox_accum/i_gen_accum_fabric.i_accum_fabric/the_addsub/no_pipelining.the_addsub/i_lut6.i_lut6_addsub/i_simple_model.i_gt_1.carrychaingen[14].carrymux_i_1_n_0
    SLICE_X1Y27          CARRY4 (Prop_carry4_S[2]_O[3])
                                                      0.099     0.406 r  clock_div/U0/i_synth/i_baseblox.i_baseblox_accum/i_gen_accum_fabric.i_accum_fabric/the_addsub/no_pipelining.the_addsub/i_lut6.i_lut6_addsub/i_simple_model.i_gt_1.carrychaingen[12].carrymux_CARRY4/O[3]
                         net (fo=1, routed)           0.000     0.406    clock_div/U0/i_synth/i_baseblox.i_baseblox_accum/i_gen_accum_fabric.i_accum_fabric/the_addsub/no_pipelining.the_addsub/i_lut6.i_lut6_addsub/i_q.i_simple.qreg/s[15]
    SLICE_X1Y27          FDRE                                         r  clock_div/U0/i_synth/i_baseblox.i_baseblox_accum/i_gen_accum_fabric.i_accum_fabric/the_addsub/no_pipelining.the_addsub/i_lut6.i_lut6_addsub/i_q.i_simple.qreg/i_no_async_controls.output_reg[16]/D
  -------------------------------------------------------------------    -------------------

Slack:                    inf
  Source:                 sigBypass_reg/C
                            (rising edge-triggered cell FDRE)
  Destination:            clock_div/U0/i_synth/i_baseblox.i_baseblox_accum/i_gen_accum_fabric.i_accum_fabric/the_addsub/no_pipelining.the_addsub/i_lut6.i_lut6_addsub/i_q.i_simple.qreg/i_no_async_controls.output_reg[14]/D
  Path Group:             (none)
  Path Type:              Min at Fast Process Corner
  Data Path Delay:        0.407ns  (logic 0.251ns (61.601%)  route 0.156ns (38.399%))
  Logic Levels:           3  (CARRY4=1 FDRE=1 LUT3=1)

    Location             Delay type                Incr(ns)  Path(ns)    Netlist Resource(s)
  -------------------------------------------------------------------    -------------------
    SLICE_X0Y27          FDRE                         0.000     0.000 r  sigBypass_reg/C
    SLICE_X0Y27          FDRE (Prop_fdre_C_Q)         0.141     0.141 r  sigBypass_reg/Q
                         net (fo=20, routed)          0.156     0.297    clock_div/U0/i_synth/i_baseblox.i_baseblox_accum/i_gen_accum_fabric.i_accum_fabric/the_addsub/no_pipelining.the_addsub/i_lut6.i_lut6_addsub/BYPASS
    SLICE_X1Y27          LUT3 (Prop_lut3_I2_O)        0.045     0.342 r  clock_div/U0/i_synth/i_baseblox.i_baseblox_accum/i_gen_accum_fabric.i_accum_fabric/the_addsub/no_pipelining.the_addsub/i_lut6.i_lut6_addsub/i_simple_model.i_gt_1.carrychaingen[13].carrymux_i_1/O
                         net (fo=1, routed)           0.000     0.342    clock_div/U0/i_synth/i_baseblox.i_baseblox_accum/i_gen_accum_fabric.i_accum_fabric/the_addsub/no_pipelining.the_addsub/i_lut6.i_lut6_addsub/i_simple_model.i_gt_1.carrychaingen[13].carrymux_i_1_n_0
    SLICE_X1Y27          CARRY4 (Prop_carry4_S[1]_O[1])
                                                      0.065     0.407 r  clock_div/U0/i_synth/i_baseblox.i_baseblox_accum/i_gen_accum_fabric.i_accum_fabric/the_addsub/no_pipelining.the_addsub/i_lut6.i_lut6_addsub/i_simple_model.i_gt_1.carrychaingen[12].carrymux_CARRY4/O[1]
                         net (fo=1, routed)           0.000     0.407    clock_div/U0/i_synth/i_baseblox.i_baseblox_accum/i_gen_accum_fabric.i_accum_fabric/the_addsub/no_pipelining.the_addsub/i_lut6.i_lut6_addsub/i_q.i_simple.qreg/s[13]
    SLICE_X1Y27          FDRE                                         r  clock_div/U0/i_synth/i_baseblox.i_baseblox_accum/i_gen_accum_fabric.i_accum_fabric/the_addsub/no_pipelining.the_addsub/i_lut6.i_lut6_addsub/i_q.i_simple.qreg/i_no_async_controls.output_reg[14]/D
  -------------------------------------------------------------------    -------------------

Slack:                    inf
  Source:                 sigOffset_reg[16]/C
                            (rising edge-triggered cell FDRE)
  Destination:            clock_div/U0/i_synth/i_baseblox.i_baseblox_accum/i_gen_accum_fabric.i_accum_fabric/the_addsub/no_pipelining.the_addsub/i_lut6.i_lut6_addsub/i_q.i_simple.qreg/i_no_async_controls.output_reg[18]/D
  Path Group:             (none)
  Path Type:              Min at Fast Process Corner
  Data Path Delay:        0.410ns  (logic 0.292ns (71.211%)  route 0.118ns (28.789%))
  Logic Levels:           3  (CARRY4=1 FDRE=1 LUT3=1)

    Location             Delay type                Incr(ns)  Path(ns)    Netlist Resource(s)
  -------------------------------------------------------------------    -------------------
    SLICE_X1Y29          FDRE                         0.000     0.000 r  sigOffset_reg[16]/C
    SLICE_X1Y29          FDRE (Prop_fdre_C_Q)         0.141     0.141 r  sigOffset_reg[16]/Q
                         net (fo=2, routed)           0.118     0.259    clock_div/U0/i_synth/i_baseblox.i_baseblox_accum/i_gen_accum_fabric.i_accum_fabric/the_addsub/no_pipelining.the_addsub/i_lut6.i_lut6_addsub/B[16]
    SLICE_X1Y28          LUT3 (Prop_lut3_I0_O)        0.045     0.304 r  clock_div/U0/i_synth/i_baseblox.i_baseblox_accum/i_gen_accum_fabric.i_accum_fabric/the_addsub/no_pipelining.the_addsub/i_lut6.i_lut6_addsub/i_simple_model.i_gt_1.carrychaingen[16].carrymux_i_1/O
                         net (fo=1, routed)           0.000     0.304    clock_div/U0/i_synth/i_baseblox.i_baseblox_accum/i_gen_accum_fabric.i_accum_fabric/the_addsub/no_pipelining.the_addsub/i_lut6.i_lut6_addsub/i_simple_model.i_gt_1.carrychaingen[16].carrymux_i_1_n_0
    SLICE_X1Y28          CARRY4 (Prop_carry4_S[0]_O[1])
                                                      0.106     0.410 r  clock_div/U0/i_synth/i_baseblox.i_baseblox_accum/i_gen_accum_fabric.i_accum_fabric/the_addsub/no_pipelining.the_addsub/i_lut6.i_lut6_addsub/i_simple_model.i_gt_1.carrychaingen[16].carrymux_CARRY4/O[1]
                         net (fo=1, routed)           0.000     0.410    clock_div/U0/i_synth/i_baseblox.i_baseblox_accum/i_gen_accum_fabric.i_accum_fabric/the_addsub/no_pipelining.the_addsub/i_lut6.i_lut6_addsub/i_q.i_simple.qreg/s[17]
    SLICE_X1Y28          FDRE                                         r  clock_div/U0/i_synth/i_baseblox.i_baseblox_accum/i_gen_accum_fabric.i_accum_fabric/the_addsub/no_pipelining.the_addsub/i_lut6.i_lut6_addsub/i_q.i_simple.qreg/i_no_async_controls.output_reg[18]/D
  -------------------------------------------------------------------    -------------------





